# JRE version: Java(TM) SE Runtime Environment 18.9 (11.0.11+9) (build 11.0.11+9-LTS-194)
# Java VM: Java HotSpot(TM) 64-Bit Server VM 18.9 (11.0.11+9-LTS-194, mixed mode, tiered, compressed oops, g1 gc, windows-amd64)
Heap:
 garbage-first heap   total 262144K, used 56809K [0x00000000e0000000, 0x0000000100000000)
  region size 1024K, 50 young (51200K), 6 survivors (6144K)
 Metaspace       used 18530K, capacity 18946K, committed 19072K, reserved 272384K
  class space    used 2203K, capacity 2332K, committed 2432K, reserved 253952K
GC Heap History (7 events):
Event: 1.517 GC heap before
{Heap before GC invocations=0 (full 0):
 garbage-first heap   total 262144K, used 20480K [0x00000000e0000000, 0x0000000100000000)
  region size 1024K, 14 young (14336K), 0 survivors (0K)
 Metaspace       used 6772K, capacity 7001K, committed 7168K, reserved 262144K
  class space    used 584K, capacity 650K, committed 768K, reserved 253952K
}
Event: 1.556 GC heap after
{Heap after GC invocations=1 (full 0):
 garbage-first heap   total 262144K, used 7935K [0x00000000e0000000, 0x0000000100000000)
  region size 1024K, 2 young (2048K), 2 survivors (2048K)
 Metaspace       used 6772K, capacity 7001K, committed 7168K, reserved 262144K
  class space    used 584K, capacity 650K, committed 768K, reserved 253952K
}
Event: 2.610 GC heap before
{Heap before GC invocations=1 (full 0):
 garbage-first heap   total 262144K, used 20223K [0x00000000e0000000, 0x0000000100000000)
  region size 1024K, 14 young (14336K), 2 survivors (2048K)
 Metaspace       used 10234K, capacity 10498K, committed 10624K, reserved 264192K
  class space    used 1059K, capacity 1138K, committed 1152K, reserved 253952K
}
Event: 2.613 GC heap after
{Heap after GC invocations=2 (full 0):
 garbage-first heap   total 262144K, used 9636K [0x00000000e0000000, 0x0000000100000000)
  region size 1024K, 2 young (2048K), 2 survivors (2048K)
 Metaspace       used 10234K, capacity 10498K, committed 10624K, reserved 264192K
  class space    used 1059K, capacity 1138K, committed 1152K, reserved 253952K
}
Event: 4.168 GC heap before
{Heap before GC invocations=2 (full 0):
 garbage-first heap   total 262144K, used 40356K [0x00000000e0000000, 0x0000000100000000)
  region size 1024K, 32 young (32768K), 2 survivors (2048K)
 Metaspace       used 11189K, capacity 11451K, committed 11520K, reserved 264192K
  class space    used 1162K, capacity 1242K, committed 1280K, reserved 253952K
}
Event: 4.172 GC heap after
{Heap after GC invocations=3 (full 0):
 garbage-first heap   total 262144K, used 11753K [0x00000000e0000000, 0x0000000100000000)
  region size 1024K, 4 young (4096K), 4 survivors (4096K)
 Metaspace       used 11189K, capacity 11451K, committed 11520K, reserved 264192K
  class space    used 1162K, capacity 1242K, committed 1280K, reserved 253952K
}
Event: 10.817 GC heap before
{Heap before GC invocations=3 (full 0):
 garbage-first heap   total 262144K, used 56809K [0x00000000e0000000, 0x0000000100000000)
  region size 1024K, 48 young (49152K), 4 survivors (4096K)
 Metaspace       used 18530K, capacity 18946K, committed 19072K, reserved 272384K
  class space    used 2203K, capacity 2332K, committed 2432K, reserved 253952K
}

